<?xml version="1.0" encoding="UTF-8"?>
<robot generator="Robot 6.0.2 (Python 3.10.6 on linux)" generated="20230301 21:50:16.856" rpa="false" schemaversion="3">
<suite id="s1" name="Login" source="/home/fernanda/Área de Trabalho/Projetos/QAcademy/qacademy-robot/web/tests/login.robot">
<test id="s1-t1" name="Login do Administrador" line="8">
<kw name="Go to Login Page" library="keywords">
<kw name="New Browser" library="Browser">
<arg>headless=False</arg>
<arg>browser=firefox</arg>
<tag>BrowserControl</tag>
<tag>Setter</tag>
<doc>Create a new playwright Browser with specified options.</doc>
<msg timestamp="20230301 21:50:17.256" level="INFO">{"browser": "firefox", "headless": false, "devtools": false, "handleSIGHUP": true, "handleSIGINT": true, "handleSIGTERM": true, "slowMo": 0.0, "timeout": 30000.0, "deprecated_pos_args": [], "tracesDir": "/home/fernanda/\u00c1rea de Trabalho/Projetos/QAcademy/qacademy-robot/web/logs/browser/traces/6f7da991-5121-49c3-b961-fd9d0b7edf12"}</msg>
<msg timestamp="20230301 21:50:17.697" level="INFO">Successfully created browser with options: {"browser":"firefox","headless":false,"devtools":false,"handleSIGHUP":true,"handleSIGINT":true,"handleSIGTERM":true,"slowMo":0,"timeout":30000,"deprecated_pos_args":[],"tracesDir":"/home/fernanda/Área de Trabalho/Projetos/QAcademy/qacademy-robot/web/logs/browser/traces/6f7da991-5121-49c3-b961-fd9d0b7edf12"}</msg>
<status status="PASS" starttime="20230301 21:50:17.255" endtime="20230301 21:50:17.697"/>
</kw>
<kw name="New Page" library="Browser">
<arg>http://localhost:3000</arg>
<tag>BrowserControl</tag>
<tag>Setter</tag>
<doc>Open a new Page.</doc>
<msg timestamp="20230301 21:50:19.118" level="INFO">Successfully initialized new page object and opened url: http://localhost:3000</msg>
<msg timestamp="20230301 21:50:19.118" level="INFO">No context was open. New context was automatically opened when this page is created.</msg>
<status status="PASS" starttime="20230301 21:50:17.697" endtime="20230301 21:50:19.118"/>
</kw>
<status status="PASS" starttime="20230301 21:50:17.255" endtime="20230301 21:50:19.119"/>
</kw>
<kw name="Fill Credentials" library="keywords">
<arg>admin@smartbit.com</arg>
<arg>qacademy</arg>
<kw name="Fill Text" library="Browser">
<arg>css=input[placeholder="Seu e-mail"]</arg>
<arg>${email}</arg>
<tag>PageContent</tag>
<tag>Setter</tag>
<doc>Clears and fills the given ``txt`` into the text field found by ``selector``.</doc>
<msg timestamp="20230301 21:50:19.119" level="INFO">Fills the text 'admin@smartbit.com' in the given field.</msg>
<status status="PASS" starttime="20230301 21:50:19.119" endtime="20230301 21:50:19.162"/>
</kw>
<kw name="Fill Text" library="Browser">
<arg>css=input[placeholder="Sua Senha"]</arg>
<arg>${pass}</arg>
<tag>PageContent</tag>
<tag>Setter</tag>
<doc>Clears and fills the given ``txt`` into the text field found by ``selector``.</doc>
<msg timestamp="20230301 21:50:19.162" level="INFO">Fills the text 'qacademy' in the given field.</msg>
<status status="PASS" starttime="20230301 21:50:19.162" endtime="20230301 21:50:19.175"/>
</kw>
<status status="PASS" starttime="20230301 21:50:19.119" endtime="20230301 21:50:19.175"/>
</kw>
<kw name="Submit Credentials" library="keywords">
<kw name="Click" library="Browser">
<arg>css=button &gt;&gt; text=Entrar no sistema</arg>
<tag>PageContent</tag>
<tag>Setter</tag>
<doc>Simulates mouse click on the element found by ``selector``.</doc>
<status status="PASS" starttime="20230301 21:50:19.176" endtime="20230301 21:50:19.236"/>
</kw>
<status status="PASS" starttime="20230301 21:50:19.175" endtime="20230301 21:50:19.236"/>
</kw>
<kw name="User Should Be Logged In" library="keywords">
<kw name="Set Variable" library="BuiltIn">
<var>${logged_user}</var>
<arg>css=aside strong</arg>
<doc>Returns the given values which can then be assigned to a variables.</doc>
<msg timestamp="20230301 21:50:19.237" level="INFO">${logged_user} = css=aside strong</msg>
<status status="PASS" starttime="20230301 21:50:19.237" endtime="20230301 21:50:19.237"/>
</kw>
<kw name="Wait For Elements State" library="Browser">
<arg>${logged_user}</arg>
<arg>visible</arg>
<arg>15</arg>
<tag>PageContent</tag>
<tag>Wait</tag>
<doc>Waits for the element found by ``selector`` to satisfy state option.</doc>
<msg timestamp="20230301 21:50:19.441" level="INFO">Waited for Element with selector css=aside strong at state visible</msg>
<status status="PASS" starttime="20230301 21:50:19.237" endtime="20230301 21:50:19.441"/>
</kw>
<kw name="Get Text" library="Browser">
<arg>${logged_user}</arg>
<arg>equal</arg>
<arg>Admin</arg>
<tag>Assertion</tag>
<tag>Getter</tag>
<tag>PageContent</tag>
<doc>Returns text attribute of the element found by ``selector``.</doc>
<msg timestamp="20230301 21:50:19.458" level="INFO">Text: 'Admin'</msg>
<status status="PASS" starttime="20230301 21:50:19.441" endtime="20230301 21:50:19.458"/>
</kw>
<status status="PASS" starttime="20230301 21:50:19.236" endtime="20230301 21:50:19.458"/>
</kw>
<status status="PASS" starttime="20230301 21:50:17.253" endtime="20230301 21:50:19.458"/>
</test>
<test id="s1-t2" name="Email não cadastrado" line="15">
<kw name="Go to Login Page" library="keywords">
<kw name="New Browser" library="Browser">
<arg>headless=False</arg>
<arg>browser=firefox</arg>
<tag>BrowserControl</tag>
<tag>Setter</tag>
<doc>Create a new playwright Browser with specified options.</doc>
<msg timestamp="20230301 21:50:19.487" level="INFO">Switching browser to browser=3d54dc2c-fffd-4d56-b740-68b2f0faa19c</msg>
<msg timestamp="20230301 21:50:19.488" level="INFO">Successfully changed active browser</msg>
<msg timestamp="20230301 21:50:19.488" level="INFO">Reusing existing browser with id: browser=3d54dc2c-fffd-4d56-b740-68b2f0faa19c</msg>
<status status="PASS" starttime="20230301 21:50:19.487" endtime="20230301 21:50:19.488"/>
</kw>
<kw name="New Page" library="Browser">
<arg>http://localhost:3000</arg>
<tag>BrowserControl</tag>
<tag>Setter</tag>
<doc>Open a new Page.</doc>
<msg timestamp="20230301 21:50:19.956" level="INFO">Successfully initialized new page object and opened url: http://localhost:3000</msg>
<msg timestamp="20230301 21:50:19.956" level="INFO">No context was open. New context was automatically opened when this page is created.</msg>
<status status="PASS" starttime="20230301 21:50:19.489" endtime="20230301 21:50:19.957"/>
</kw>
<status status="PASS" starttime="20230301 21:50:19.487" endtime="20230301 21:50:19.957"/>
</kw>
<kw name="Fill Credentials" library="keywords">
<arg>404@smartbit.com</arg>
<arg>qacademy</arg>
<kw name="Fill Text" library="Browser">
<arg>css=input[placeholder="Seu e-mail"]</arg>
<arg>${email}</arg>
<tag>PageContent</tag>
<tag>Setter</tag>
<doc>Clears and fills the given ``txt`` into the text field found by ``selector``.</doc>
<msg timestamp="20230301 21:50:19.957" level="INFO">Fills the text '404@smartbit.com' in the given field.</msg>
<status status="PASS" starttime="20230301 21:50:19.957" endtime="20230301 21:50:19.992"/>
</kw>
<kw name="Fill Text" library="Browser">
<arg>css=input[placeholder="Sua Senha"]</arg>
<arg>${pass}</arg>
<tag>PageContent</tag>
<tag>Setter</tag>
<doc>Clears and fills the given ``txt`` into the text field found by ``selector``.</doc>
<msg timestamp="20230301 21:50:19.992" level="INFO">Fills the text 'qacademy' in the given field.</msg>
<status status="PASS" starttime="20230301 21:50:19.992" endtime="20230301 21:50:20.003"/>
</kw>
<status status="PASS" starttime="20230301 21:50:19.957" endtime="20230301 21:50:20.004"/>
</kw>
<kw name="Submit Credentials" library="keywords">
<kw name="Click" library="Browser">
<arg>css=button &gt;&gt; text=Entrar no sistema</arg>
<tag>PageContent</tag>
<tag>Setter</tag>
<doc>Simulates mouse click on the element found by ``selector``.</doc>
<status status="PASS" starttime="20230301 21:50:20.004" endtime="20230301 21:50:20.055"/>
</kw>
<status status="PASS" starttime="20230301 21:50:20.004" endtime="20230301 21:50:20.055"/>
</kw>
<kw name="Verify Toaster" library="keywords">
<kw name="Wait For Elements State" library="Browser">
<arg>css=.Toastify__toast-body div &gt;&gt; text=Suas credenciais são inválidas, por favor tente novamente!</arg>
<arg>visible</arg>
<arg>5</arg>
<tag>PageContent</tag>
<tag>Wait</tag>
<doc>Waits for the element found by ``selector`` to satisfy state option.</doc>
<msg timestamp="20230301 21:50:20.090" level="INFO">Waited for Element with selector css=.Toastify__toast-body div &gt;&gt; text=Suas credenciais são inválidas, por favor tente novamente! at state visible</msg>
<status status="PASS" starttime="20230301 21:50:20.055" endtime="20230301 21:50:20.091"/>
</kw>
<status status="PASS" starttime="20230301 21:50:20.055" endtime="20230301 21:50:20.091"/>
</kw>
<status status="PASS" starttime="20230301 21:50:19.485" endtime="20230301 21:50:20.091"/>
</test>
<test id="s1-t3" name="Senha inválida" line="22">
<kw name="Go to Login Page" library="keywords">
<kw name="New Browser" library="Browser">
<arg>headless=False</arg>
<arg>browser=firefox</arg>
<tag>BrowserControl</tag>
<tag>Setter</tag>
<doc>Create a new playwright Browser with specified options.</doc>
<msg timestamp="20230301 21:50:20.122" level="INFO">Switching browser to browser=3d54dc2c-fffd-4d56-b740-68b2f0faa19c</msg>
<msg timestamp="20230301 21:50:20.123" level="INFO">Successfully changed active browser</msg>
<msg timestamp="20230301 21:50:20.123" level="INFO">Reusing existing browser with id: browser=3d54dc2c-fffd-4d56-b740-68b2f0faa19c</msg>
<status status="PASS" starttime="20230301 21:50:20.122" endtime="20230301 21:50:20.123"/>
</kw>
<kw name="New Page" library="Browser">
<arg>http://localhost:3000</arg>
<tag>BrowserControl</tag>
<tag>Setter</tag>
<doc>Open a new Page.</doc>
<msg timestamp="20230301 21:50:20.596" level="INFO">Successfully initialized new page object and opened url: http://localhost:3000</msg>
<msg timestamp="20230301 21:50:20.596" level="INFO">No context was open. New context was automatically opened when this page is created.</msg>
<status status="PASS" starttime="20230301 21:50:20.123" endtime="20230301 21:50:20.596"/>
</kw>
<status status="PASS" starttime="20230301 21:50:20.121" endtime="20230301 21:50:20.597"/>
</kw>
<kw name="Fill Credentials" library="keywords">
<arg>admin@smartbit.com</arg>
<arg>abc123</arg>
<kw name="Fill Text" library="Browser">
<arg>css=input[placeholder="Seu e-mail"]</arg>
<arg>${email}</arg>
<tag>PageContent</tag>
<tag>Setter</tag>
<doc>Clears and fills the given ``txt`` into the text field found by ``selector``.</doc>
<msg timestamp="20230301 21:50:20.597" level="INFO">Fills the text 'admin@smartbit.com' in the given field.</msg>
<status status="PASS" starttime="20230301 21:50:20.597" endtime="20230301 21:50:20.636"/>
</kw>
<kw name="Fill Text" library="Browser">
<arg>css=input[placeholder="Sua Senha"]</arg>
<arg>${pass}</arg>
<tag>PageContent</tag>
<tag>Setter</tag>
<doc>Clears and fills the given ``txt`` into the text field found by ``selector``.</doc>
<msg timestamp="20230301 21:50:20.636" level="INFO">Fills the text 'abc123' in the given field.</msg>
<status status="PASS" starttime="20230301 21:50:20.636" endtime="20230301 21:50:20.646"/>
</kw>
<status status="PASS" starttime="20230301 21:50:20.597" endtime="20230301 21:50:20.646"/>
</kw>
<kw name="Submit Credentials" library="keywords">
<kw name="Click" library="Browser">
<arg>css=button &gt;&gt; text=Entrar no sistema</arg>
<tag>PageContent</tag>
<tag>Setter</tag>
<doc>Simulates mouse click on the element found by ``selector``.</doc>
<status status="PASS" starttime="20230301 21:50:20.646" endtime="20230301 21:50:20.703"/>
</kw>
<status status="PASS" starttime="20230301 21:50:20.646" endtime="20230301 21:50:20.703"/>
</kw>
<kw name="Verify Toaster" library="keywords">
<kw name="Wait For Elements State" library="Browser">
<arg>css=.Toastify__toast-body div &gt;&gt; text=Suas credenciais são inválidas, por favor tente novamente!</arg>
<arg>visible</arg>
<arg>5</arg>
<tag>PageContent</tag>
<tag>Wait</tag>
<doc>Waits for the element found by ``selector`` to satisfy state option.</doc>
<msg timestamp="20230301 21:50:20.794" level="INFO">Waited for Element with selector css=.Toastify__toast-body div &gt;&gt; text=Suas credenciais são inválidas, por favor tente novamente! at state visible</msg>
<status status="PASS" starttime="20230301 21:50:20.704" endtime="20230301 21:50:20.794"/>
</kw>
<status status="PASS" starttime="20230301 21:50:20.703" endtime="20230301 21:50:20.794"/>
</kw>
<status status="PASS" starttime="20230301 21:50:20.119" endtime="20230301 21:50:20.794"/>
</test>
<doc>Suite de testes de autenticação
Admistrador deve acessar o portal de gestão de academias</doc>
<status status="PASS" starttime="20230301 21:50:16.857" endtime="20230301 21:50:20.821"/>
</suite>
<statistics>
<total>
<stat pass="3" fail="0" skip="0">All Tests</stat>
</total>
<tag>
</tag>
<suite>
<stat pass="3" fail="0" skip="0" id="s1" name="Login">Login</stat>
</suite>
</statistics>
<errors>
</errors>
</robot>
