<?xml version="1.0" encoding="UTF-8"?>
<robot generator="Robot 6.0.2 (Python 3.10.6 on linux)" generated="20230302 22:04:26.129" rpa="false" schemaversion="3">
<suite id="s1" name="Login" source="/home/fernanda/Área de Trabalho/Projetos/QAcademy/qacademy-robot/web/tests/login.robot">
<test id="s1-t1" name="Login do Administrador" line="8">
<kw name="Go to Login Page" library="login">
<kw name="New Browser" library="Browser">
<arg>headless=False</arg>
<arg>browser=firefox</arg>
<tag>BrowserControl</tag>
<tag>Setter</tag>
<doc>Create a new playwright Browser with specified options.</doc>
<msg timestamp="20230302 22:04:26.429" level="INFO">{"browser": "firefox", "headless": false, "devtools": false, "handleSIGHUP": true, "handleSIGINT": true, "handleSIGTERM": true, "slowMo": 0.0, "timeout": 30000.0, "deprecated_pos_args": [], "tracesDir": "/home/fernanda/\u00c1rea de Trabalho/Projetos/QAcademy/qacademy-robot/web/logs/browser/traces/3e7b183a-ebf5-4d72-a1f5-af2e61627e5e"}</msg>
<msg timestamp="20230302 22:04:26.919" level="INFO">Successfully created browser with options: {"browser":"firefox","headless":false,"devtools":false,"handleSIGHUP":true,"handleSIGINT":true,"handleSIGTERM":true,"slowMo":0,"timeout":30000,"deprecated_pos_args":[],"tracesDir":"/home/fernanda/Área de Trabalho/Projetos/QAcademy/qacademy-robot/web/logs/browser/traces/3e7b183a-ebf5-4d72-a1f5-af2e61627e5e"}</msg>
<status status="PASS" starttime="20230302 22:04:26.429" endtime="20230302 22:04:26.919"/>
</kw>
<kw name="New Page" library="Browser">
<arg>http://localhost:3000</arg>
<tag>BrowserControl</tag>
<tag>Setter</tag>
<doc>Open a new Page.</doc>
<msg timestamp="20230302 22:04:28.191" level="INFO">Successfully initialized new page object and opened url: http://localhost:3000</msg>
<msg timestamp="20230302 22:04:28.191" level="INFO">No context was open. New context was automatically opened when this page is created.</msg>
<status status="PASS" starttime="20230302 22:04:26.920" endtime="20230302 22:04:28.191"/>
</kw>
<status status="PASS" starttime="20230302 22:04:26.429" endtime="20230302 22:04:28.192"/>
</kw>
<kw name="Fill Credentials" library="login">
<arg>admin@smartbit.com</arg>
<arg>qacademy</arg>
<kw name="Fill Text" library="Browser">
<arg>css=input[placeholder="Seu e-mail"]</arg>
<arg>${email}</arg>
<tag>PageContent</tag>
<tag>Setter</tag>
<doc>Clears and fills the given ``txt`` into the text field found by ``selector``.</doc>
<msg timestamp="20230302 22:04:28.192" level="INFO">Fills the text 'admin@smartbit.com' in the given field.</msg>
<status status="PASS" starttime="20230302 22:04:28.192" endtime="20230302 22:04:28.239"/>
</kw>
<kw name="Fill Text" library="Browser">
<arg>css=input[placeholder="Sua Senha"]</arg>
<arg>${pass}</arg>
<tag>PageContent</tag>
<tag>Setter</tag>
<doc>Clears and fills the given ``txt`` into the text field found by ``selector``.</doc>
<msg timestamp="20230302 22:04:28.240" level="INFO">Fills the text 'qacademy' in the given field.</msg>
<status status="PASS" starttime="20230302 22:04:28.240" endtime="20230302 22:04:28.250"/>
</kw>
<status status="PASS" starttime="20230302 22:04:28.192" endtime="20230302 22:04:28.251"/>
</kw>
<kw name="Submit Credentials" library="login">
<kw name="Click" library="Browser">
<arg>css=button &gt;&gt; text=Entrar no sistema</arg>
<tag>PageContent</tag>
<tag>Setter</tag>
<doc>Simulates mouse click on the element found by ``selector``.</doc>
<status status="PASS" starttime="20230302 22:04:28.251" endtime="20230302 22:04:28.309"/>
</kw>
<status status="PASS" starttime="20230302 22:04:28.251" endtime="20230302 22:04:28.309"/>
</kw>
<kw name="User Should Be Logged In" library="nav">
<arg>Admin</arg>
<kw name="Set Variable" library="BuiltIn">
<var>${logged_user}</var>
<arg>css=aside strong</arg>
<doc>Returns the given values which can then be assigned to a variables.</doc>
<msg timestamp="20230302 22:04:28.310" level="INFO">${logged_user} = css=aside strong</msg>
<status status="PASS" starttime="20230302 22:04:28.310" endtime="20230302 22:04:28.310"/>
</kw>
<kw name="Wait For Elements State" library="Browser">
<arg>${logged_user}</arg>
<arg>visible</arg>
<arg>15</arg>
<tag>PageContent</tag>
<tag>Wait</tag>
<doc>Waits for the element found by ``selector`` to satisfy state option.</doc>
<msg timestamp="20230302 22:04:28.498" level="INFO">Waited for Element with selector css=aside strong at state visible</msg>
<status status="PASS" starttime="20230302 22:04:28.310" endtime="20230302 22:04:28.498"/>
</kw>
<kw name="Get Text" library="Browser">
<arg>${logged_user}</arg>
<arg>equal</arg>
<arg>${user_name}</arg>
<tag>Assertion</tag>
<tag>Getter</tag>
<tag>PageContent</tag>
<doc>Returns text attribute of the element found by ``selector``.</doc>
<msg timestamp="20230302 22:04:28.514" level="INFO">Text: 'Admin'</msg>
<status status="PASS" starttime="20230302 22:04:28.498" endtime="20230302 22:04:28.514"/>
</kw>
<status status="PASS" starttime="20230302 22:04:28.309" endtime="20230302 22:04:28.514"/>
</kw>
<status status="PASS" starttime="20230302 22:04:26.427" endtime="20230302 22:04:28.515"/>
</test>
<test id="s1-t2" name="Email não cadastrado" line="15">
<kw name="Go to Login Page" library="login">
<kw name="New Browser" library="Browser">
<arg>headless=False</arg>
<arg>browser=firefox</arg>
<tag>BrowserControl</tag>
<tag>Setter</tag>
<doc>Create a new playwright Browser with specified options.</doc>
<msg timestamp="20230302 22:04:28.538" level="INFO">Switching browser to browser=28706399-73d7-4740-b1bd-b6fb891f8d03</msg>
<msg timestamp="20230302 22:04:28.538" level="INFO">Successfully changed active browser</msg>
<msg timestamp="20230302 22:04:28.538" level="INFO">Reusing existing browser with id: browser=28706399-73d7-4740-b1bd-b6fb891f8d03</msg>
<status status="PASS" starttime="20230302 22:04:28.537" endtime="20230302 22:04:28.538"/>
</kw>
<kw name="New Page" library="Browser">
<arg>http://localhost:3000</arg>
<tag>BrowserControl</tag>
<tag>Setter</tag>
<doc>Open a new Page.</doc>
<msg timestamp="20230302 22:04:29.005" level="INFO">Successfully initialized new page object and opened url: http://localhost:3000</msg>
<msg timestamp="20230302 22:04:29.005" level="INFO">No context was open. New context was automatically opened when this page is created.</msg>
<status status="PASS" starttime="20230302 22:04:28.539" endtime="20230302 22:04:29.005"/>
</kw>
<status status="PASS" starttime="20230302 22:04:28.537" endtime="20230302 22:04:29.005"/>
</kw>
<kw name="Fill Credentials" library="login">
<arg>404@smartbit.com</arg>
<arg>qacademy</arg>
<kw name="Fill Text" library="Browser">
<arg>css=input[placeholder="Seu e-mail"]</arg>
<arg>${email}</arg>
<tag>PageContent</tag>
<tag>Setter</tag>
<doc>Clears and fills the given ``txt`` into the text field found by ``selector``.</doc>
<msg timestamp="20230302 22:04:29.006" level="INFO">Fills the text '404@smartbit.com' in the given field.</msg>
<status status="PASS" starttime="20230302 22:04:29.006" endtime="20230302 22:04:29.036"/>
</kw>
<kw name="Fill Text" library="Browser">
<arg>css=input[placeholder="Sua Senha"]</arg>
<arg>${pass}</arg>
<tag>PageContent</tag>
<tag>Setter</tag>
<doc>Clears and fills the given ``txt`` into the text field found by ``selector``.</doc>
<msg timestamp="20230302 22:04:29.037" level="INFO">Fills the text 'qacademy' in the given field.</msg>
<status status="PASS" starttime="20230302 22:04:29.037" endtime="20230302 22:04:29.048"/>
</kw>
<status status="PASS" starttime="20230302 22:04:29.006" endtime="20230302 22:04:29.048"/>
</kw>
<kw name="Submit Credentials" library="login">
<kw name="Click" library="Browser">
<arg>css=button &gt;&gt; text=Entrar no sistema</arg>
<tag>PageContent</tag>
<tag>Setter</tag>
<doc>Simulates mouse click on the element found by ``selector``.</doc>
<status status="PASS" starttime="20230302 22:04:29.048" endtime="20230302 22:04:29.103"/>
</kw>
<status status="PASS" starttime="20230302 22:04:29.048" endtime="20230302 22:04:29.103"/>
</kw>
<kw name="Verify Toaster" library="toast">
<arg>Suas credenciais são inválidas, por favor tente novamente!</arg>
<kw name="Wait For Elements State" library="Browser">
<arg>css=.Toastify__toast-body div &gt;&gt; text=${expected_message}</arg>
<arg>visible</arg>
<arg>5</arg>
<tag>PageContent</tag>
<tag>Wait</tag>
<doc>Waits for the element found by ``selector`` to satisfy state option.</doc>
<msg timestamp="20230302 22:04:29.139" level="INFO">Waited for Element with selector css=.Toastify__toast-body div &gt;&gt; text=Suas credenciais são inválidas, por favor tente novamente! at state visible</msg>
<status status="PASS" starttime="20230302 22:04:29.104" endtime="20230302 22:04:29.139"/>
</kw>
<status status="PASS" starttime="20230302 22:04:29.103" endtime="20230302 22:04:29.139"/>
</kw>
<status status="PASS" starttime="20230302 22:04:28.536" endtime="20230302 22:04:29.139"/>
</test>
<test id="s1-t3" name="Senha inválida" line="22">
<kw name="Go to Login Page" library="login">
<kw name="New Browser" library="Browser">
<arg>headless=False</arg>
<arg>browser=firefox</arg>
<tag>BrowserControl</tag>
<tag>Setter</tag>
<doc>Create a new playwright Browser with specified options.</doc>
<msg timestamp="20230302 22:04:29.166" level="INFO">Switching browser to browser=28706399-73d7-4740-b1bd-b6fb891f8d03</msg>
<msg timestamp="20230302 22:04:29.167" level="INFO">Successfully changed active browser</msg>
<msg timestamp="20230302 22:04:29.167" level="INFO">Reusing existing browser with id: browser=28706399-73d7-4740-b1bd-b6fb891f8d03</msg>
<status status="PASS" starttime="20230302 22:04:29.166" endtime="20230302 22:04:29.167"/>
</kw>
<kw name="New Page" library="Browser">
<arg>http://localhost:3000</arg>
<tag>BrowserControl</tag>
<tag>Setter</tag>
<doc>Open a new Page.</doc>
<msg timestamp="20230302 22:04:29.613" level="INFO">Successfully initialized new page object and opened url: http://localhost:3000</msg>
<msg timestamp="20230302 22:04:29.613" level="INFO">No context was open. New context was automatically opened when this page is created.</msg>
<status status="PASS" starttime="20230302 22:04:29.167" endtime="20230302 22:04:29.613"/>
</kw>
<status status="PASS" starttime="20230302 22:04:29.165" endtime="20230302 22:04:29.613"/>
</kw>
<kw name="Fill Credentials" library="login">
<arg>admin@smartbit.com</arg>
<arg>abc123</arg>
<kw name="Fill Text" library="Browser">
<arg>css=input[placeholder="Seu e-mail"]</arg>
<arg>${email}</arg>
<tag>PageContent</tag>
<tag>Setter</tag>
<doc>Clears and fills the given ``txt`` into the text field found by ``selector``.</doc>
<msg timestamp="20230302 22:04:29.614" level="INFO">Fills the text 'admin@smartbit.com' in the given field.</msg>
<status status="PASS" starttime="20230302 22:04:29.614" endtime="20230302 22:04:29.642"/>
</kw>
<kw name="Fill Text" library="Browser">
<arg>css=input[placeholder="Sua Senha"]</arg>
<arg>${pass}</arg>
<tag>PageContent</tag>
<tag>Setter</tag>
<doc>Clears and fills the given ``txt`` into the text field found by ``selector``.</doc>
<msg timestamp="20230302 22:04:29.643" level="INFO">Fills the text 'abc123' in the given field.</msg>
<status status="PASS" starttime="20230302 22:04:29.642" endtime="20230302 22:04:29.654"/>
</kw>
<status status="PASS" starttime="20230302 22:04:29.614" endtime="20230302 22:04:29.654"/>
</kw>
<kw name="Submit Credentials" library="login">
<kw name="Click" library="Browser">
<arg>css=button &gt;&gt; text=Entrar no sistema</arg>
<tag>PageContent</tag>
<tag>Setter</tag>
<doc>Simulates mouse click on the element found by ``selector``.</doc>
<status status="PASS" starttime="20230302 22:04:29.654" endtime="20230302 22:04:29.711"/>
</kw>
<status status="PASS" starttime="20230302 22:04:29.654" endtime="20230302 22:04:29.711"/>
</kw>
<kw name="Verify Toaster" library="toast">
<arg>Suas credenciais são inválidas, por favor tente novamente!</arg>
<kw name="Wait For Elements State" library="Browser">
<arg>css=.Toastify__toast-body div &gt;&gt; text=${expected_message}</arg>
<arg>visible</arg>
<arg>5</arg>
<tag>PageContent</tag>
<tag>Wait</tag>
<doc>Waits for the element found by ``selector`` to satisfy state option.</doc>
<msg timestamp="20230302 22:04:29.746" level="INFO">Waited for Element with selector css=.Toastify__toast-body div &gt;&gt; text=Suas credenciais são inválidas, por favor tente novamente! at state visible</msg>
<status status="PASS" starttime="20230302 22:04:29.712" endtime="20230302 22:04:29.747"/>
</kw>
<status status="PASS" starttime="20230302 22:04:29.711" endtime="20230302 22:04:29.747"/>
</kw>
<status status="PASS" starttime="20230302 22:04:29.164" endtime="20230302 22:04:29.747"/>
</test>
<test id="s1-t4" name="E-mail no formarto incorreto" line="29">
<kw name="Go to Login Page" library="login">
<kw name="New Browser" library="Browser">
<arg>headless=False</arg>
<arg>browser=firefox</arg>
<tag>BrowserControl</tag>
<tag>Setter</tag>
<doc>Create a new playwright Browser with specified options.</doc>
<msg timestamp="20230302 22:04:29.775" level="INFO">Switching browser to browser=28706399-73d7-4740-b1bd-b6fb891f8d03</msg>
<msg timestamp="20230302 22:04:29.776" level="INFO">Successfully changed active browser</msg>
<msg timestamp="20230302 22:04:29.777" level="INFO">Reusing existing browser with id: browser=28706399-73d7-4740-b1bd-b6fb891f8d03</msg>
<status status="PASS" starttime="20230302 22:04:29.775" endtime="20230302 22:04:29.777"/>
</kw>
<kw name="New Page" library="Browser">
<arg>http://localhost:3000</arg>
<tag>BrowserControl</tag>
<tag>Setter</tag>
<doc>Open a new Page.</doc>
<msg timestamp="20230302 22:04:30.232" level="INFO">Successfully initialized new page object and opened url: http://localhost:3000</msg>
<msg timestamp="20230302 22:04:30.232" level="INFO">No context was open. New context was automatically opened when this page is created.</msg>
<status status="PASS" starttime="20230302 22:04:29.777" endtime="20230302 22:04:30.232"/>
</kw>
<status status="PASS" starttime="20230302 22:04:29.775" endtime="20230302 22:04:30.232"/>
</kw>
<kw name="Fill Credentials" library="login">
<arg>@com.br</arg>
<arg>123Mudar</arg>
<kw name="Fill Text" library="Browser">
<arg>css=input[placeholder="Seu e-mail"]</arg>
<arg>${email}</arg>
<tag>PageContent</tag>
<tag>Setter</tag>
<doc>Clears and fills the given ``txt`` into the text field found by ``selector``.</doc>
<msg timestamp="20230302 22:04:30.233" level="INFO">Fills the text '@com.br' in the given field.</msg>
<status status="PASS" starttime="20230302 22:04:30.233" endtime="20230302 22:04:30.262"/>
</kw>
<kw name="Fill Text" library="Browser">
<arg>css=input[placeholder="Sua Senha"]</arg>
<arg>${pass}</arg>
<tag>PageContent</tag>
<tag>Setter</tag>
<doc>Clears and fills the given ``txt`` into the text field found by ``selector``.</doc>
<msg timestamp="20230302 22:04:30.262" level="INFO">Fills the text '123Mudar' in the given field.</msg>
<status status="PASS" starttime="20230302 22:04:30.262" endtime="20230302 22:04:30.272"/>
</kw>
<status status="PASS" starttime="20230302 22:04:30.233" endtime="20230302 22:04:30.272"/>
</kw>
<kw name="Submit Credentials" library="login">
<kw name="Click" library="Browser">
<arg>css=button &gt;&gt; text=Entrar no sistema</arg>
<tag>PageContent</tag>
<tag>Setter</tag>
<doc>Simulates mouse click on the element found by ``selector``.</doc>
<status status="PASS" starttime="20230302 22:04:30.273" endtime="20230302 22:04:30.314"/>
</kw>
<status status="PASS" starttime="20230302 22:04:30.273" endtime="20230302 22:04:30.314"/>
</kw>
<kw name="Field Type Should Be Email" library="login">
<kw name="Get Attribute" library="Browser">
<arg>css=input[placeholder="Seu e-mail"]</arg>
<arg>type</arg>
<arg>equal</arg>
<arg>email</arg>
<tag>Assertion</tag>
<tag>Getter</tag>
<tag>PageContent</tag>
<doc>Returns the HTML ``attribute`` of the element found by ``selector``.</doc>
<msg timestamp="20230302 22:04:30.335" level="INFO">Attribute is: 'email'</msg>
<status status="PASS" starttime="20230302 22:04:30.315" endtime="20230302 22:04:30.335"/>
</kw>
<status status="PASS" starttime="20230302 22:04:30.314" endtime="20230302 22:04:30.335"/>
</kw>
<status status="PASS" starttime="20230302 22:04:29.774" endtime="20230302 22:04:30.335"/>
</test>
<test id="s1-t5" name="Senha em branco" line="35">
<kw name="Go to Login Page" library="login">
<kw name="New Browser" library="Browser">
<arg>headless=False</arg>
<arg>browser=firefox</arg>
<tag>BrowserControl</tag>
<tag>Setter</tag>
<doc>Create a new playwright Browser with specified options.</doc>
<msg timestamp="20230302 22:04:30.358" level="INFO">Switching browser to browser=28706399-73d7-4740-b1bd-b6fb891f8d03</msg>
<msg timestamp="20230302 22:04:30.359" level="INFO">Successfully changed active browser</msg>
<msg timestamp="20230302 22:04:30.359" level="INFO">Reusing existing browser with id: browser=28706399-73d7-4740-b1bd-b6fb891f8d03</msg>
<status status="PASS" starttime="20230302 22:04:30.358" endtime="20230302 22:04:30.359"/>
</kw>
<kw name="New Page" library="Browser">
<arg>http://localhost:3000</arg>
<tag>BrowserControl</tag>
<tag>Setter</tag>
<doc>Open a new Page.</doc>
<msg timestamp="20230302 22:04:30.819" level="INFO">Successfully initialized new page object and opened url: http://localhost:3000</msg>
<msg timestamp="20230302 22:04:30.819" level="INFO">No context was open. New context was automatically opened when this page is created.</msg>
<status status="PASS" starttime="20230302 22:04:30.359" endtime="20230302 22:04:30.819"/>
</kw>
<status status="PASS" starttime="20230302 22:04:30.358" endtime="20230302 22:04:30.820"/>
</kw>
<kw name="Fill Credentials" library="login">
<arg>admin@smartbit.com</arg>
<arg>${EMPTY}</arg>
<kw name="Fill Text" library="Browser">
<arg>css=input[placeholder="Seu e-mail"]</arg>
<arg>${email}</arg>
<tag>PageContent</tag>
<tag>Setter</tag>
<doc>Clears and fills the given ``txt`` into the text field found by ``selector``.</doc>
<msg timestamp="20230302 22:04:30.821" level="INFO">Fills the text 'admin@smartbit.com' in the given field.</msg>
<status status="PASS" starttime="20230302 22:04:30.821" endtime="20230302 22:04:30.853"/>
</kw>
<kw name="Fill Text" library="Browser">
<arg>css=input[placeholder="Sua Senha"]</arg>
<arg>${pass}</arg>
<tag>PageContent</tag>
<tag>Setter</tag>
<doc>Clears and fills the given ``txt`` into the text field found by ``selector``.</doc>
<msg timestamp="20230302 22:04:30.853" level="INFO">Fills the text '' in the given field.</msg>
<status status="PASS" starttime="20230302 22:04:30.853" endtime="20230302 22:04:30.867"/>
</kw>
<status status="PASS" starttime="20230302 22:04:30.820" endtime="20230302 22:04:30.868"/>
</kw>
<kw name="Submit Credentials" library="login">
<kw name="Click" library="Browser">
<arg>css=button &gt;&gt; text=Entrar no sistema</arg>
<tag>PageContent</tag>
<tag>Setter</tag>
<doc>Simulates mouse click on the element found by ``selector``.</doc>
<status status="PASS" starttime="20230302 22:04:30.868" endtime="20230302 22:04:30.916"/>
</kw>
<status status="PASS" starttime="20230302 22:04:30.868" endtime="20230302 22:04:30.916"/>
</kw>
<kw name="Alert Text Should Be" library="login">
<arg>password</arg>
<arg>A senha é obrigatória</arg>
<kw name="Get Text" library="Browser">
<arg>xpath=//input[@type="${field}"]/..//span</arg>
<arg>equal</arg>
<arg>${expected_text}</arg>
<tag>Assertion</tag>
<tag>Getter</tag>
<tag>PageContent</tag>
<doc>Returns text attribute of the element found by ``selector``.</doc>
<msg timestamp="20230302 22:04:30.937" level="INFO">Text: 'A senha é obrigatória'</msg>
<status status="PASS" starttime="20230302 22:04:30.916" endtime="20230302 22:04:30.937"/>
</kw>
<status status="PASS" starttime="20230302 22:04:30.916" endtime="20230302 22:04:30.937"/>
</kw>
<status status="PASS" starttime="20230302 22:04:30.356" endtime="20230302 22:04:30.938"/>
</test>
<test id="s1-t6" name="Email em branco" line="42">
<kw name="Go to Login Page" library="login">
<kw name="New Browser" library="Browser">
<arg>headless=False</arg>
<arg>browser=firefox</arg>
<tag>BrowserControl</tag>
<tag>Setter</tag>
<doc>Create a new playwright Browser with specified options.</doc>
<msg timestamp="20230302 22:04:30.955" level="INFO">Switching browser to browser=28706399-73d7-4740-b1bd-b6fb891f8d03</msg>
<msg timestamp="20230302 22:04:30.955" level="INFO">Successfully changed active browser</msg>
<msg timestamp="20230302 22:04:30.955" level="INFO">Reusing existing browser with id: browser=28706399-73d7-4740-b1bd-b6fb891f8d03</msg>
<status status="PASS" starttime="20230302 22:04:30.954" endtime="20230302 22:04:30.955"/>
</kw>
<kw name="New Page" library="Browser">
<arg>http://localhost:3000</arg>
<tag>BrowserControl</tag>
<tag>Setter</tag>
<doc>Open a new Page.</doc>
<msg timestamp="20230302 22:04:31.411" level="INFO">Successfully initialized new page object and opened url: http://localhost:3000</msg>
<msg timestamp="20230302 22:04:31.411" level="INFO">No context was open. New context was automatically opened when this page is created.</msg>
<status status="PASS" starttime="20230302 22:04:30.955" endtime="20230302 22:04:31.411"/>
</kw>
<status status="PASS" starttime="20230302 22:04:30.954" endtime="20230302 22:04:31.411"/>
</kw>
<kw name="Fill Credentials" library="login">
<arg>${EMPTY}</arg>
<arg>qacademy</arg>
<kw name="Fill Text" library="Browser">
<arg>css=input[placeholder="Seu e-mail"]</arg>
<arg>${email}</arg>
<tag>PageContent</tag>
<tag>Setter</tag>
<doc>Clears and fills the given ``txt`` into the text field found by ``selector``.</doc>
<msg timestamp="20230302 22:04:31.412" level="INFO">Fills the text '' in the given field.</msg>
<status status="PASS" starttime="20230302 22:04:31.412" endtime="20230302 22:04:31.451"/>
</kw>
<kw name="Fill Text" library="Browser">
<arg>css=input[placeholder="Sua Senha"]</arg>
<arg>${pass}</arg>
<tag>PageContent</tag>
<tag>Setter</tag>
<doc>Clears and fills the given ``txt`` into the text field found by ``selector``.</doc>
<msg timestamp="20230302 22:04:31.452" level="INFO">Fills the text 'qacademy' in the given field.</msg>
<status status="PASS" starttime="20230302 22:04:31.451" endtime="20230302 22:04:31.462"/>
</kw>
<status status="PASS" starttime="20230302 22:04:31.412" endtime="20230302 22:04:31.463"/>
</kw>
<kw name="Submit Credentials" library="login">
<kw name="Click" library="Browser">
<arg>css=button &gt;&gt; text=Entrar no sistema</arg>
<tag>PageContent</tag>
<tag>Setter</tag>
<doc>Simulates mouse click on the element found by ``selector``.</doc>
<status status="PASS" starttime="20230302 22:04:31.463" endtime="20230302 22:04:31.512"/>
</kw>
<status status="PASS" starttime="20230302 22:04:31.463" endtime="20230302 22:04:31.512"/>
</kw>
<kw name="Alert Text Should Be" library="login">
<arg>email</arg>
<arg>O e-mail é obrigatório</arg>
<kw name="Get Text" library="Browser">
<arg>xpath=//input[@type="${field}"]/..//span</arg>
<arg>equal</arg>
<arg>${expected_text}</arg>
<tag>Assertion</tag>
<tag>Getter</tag>
<tag>PageContent</tag>
<doc>Returns text attribute of the element found by ``selector``.</doc>
<msg timestamp="20230302 22:04:31.532" level="INFO">Text: 'O e-mail é obrigatório'</msg>
<status status="PASS" starttime="20230302 22:04:31.512" endtime="20230302 22:04:31.532"/>
</kw>
<status status="PASS" starttime="20230302 22:04:31.512" endtime="20230302 22:04:31.532"/>
</kw>
<status status="PASS" starttime="20230302 22:04:30.953" endtime="20230302 22:04:31.532"/>
</test>
<test id="s1-t7" name="Email e senha são obrigatórios" line="49">
<kw name="Go to Login Page" library="login">
<kw name="New Browser" library="Browser">
<arg>headless=False</arg>
<arg>browser=firefox</arg>
<tag>BrowserControl</tag>
<tag>Setter</tag>
<doc>Create a new playwright Browser with specified options.</doc>
<msg timestamp="20230302 22:04:31.551" level="INFO">Switching browser to browser=28706399-73d7-4740-b1bd-b6fb891f8d03</msg>
<msg timestamp="20230302 22:04:31.552" level="INFO">Successfully changed active browser</msg>
<msg timestamp="20230302 22:04:31.552" level="INFO">Reusing existing browser with id: browser=28706399-73d7-4740-b1bd-b6fb891f8d03</msg>
<status status="PASS" starttime="20230302 22:04:31.551" endtime="20230302 22:04:31.552"/>
</kw>
<kw name="New Page" library="Browser">
<arg>http://localhost:3000</arg>
<tag>BrowserControl</tag>
<tag>Setter</tag>
<doc>Open a new Page.</doc>
<msg timestamp="20230302 22:04:32.019" level="INFO">Successfully initialized new page object and opened url: http://localhost:3000</msg>
<msg timestamp="20230302 22:04:32.019" level="INFO">No context was open. New context was automatically opened when this page is created.</msg>
<status status="PASS" starttime="20230302 22:04:31.552" endtime="20230302 22:04:32.020"/>
</kw>
<status status="PASS" starttime="20230302 22:04:31.550" endtime="20230302 22:04:32.020"/>
</kw>
<kw name="Fill Credentials" library="login">
<arg>${EMPTY}</arg>
<arg>${EMPTY}</arg>
<kw name="Fill Text" library="Browser">
<arg>css=input[placeholder="Seu e-mail"]</arg>
<arg>${email}</arg>
<tag>PageContent</tag>
<tag>Setter</tag>
<doc>Clears and fills the given ``txt`` into the text field found by ``selector``.</doc>
<msg timestamp="20230302 22:04:32.021" level="INFO">Fills the text '' in the given field.</msg>
<status status="PASS" starttime="20230302 22:04:32.020" endtime="20230302 22:04:32.048"/>
</kw>
<kw name="Fill Text" library="Browser">
<arg>css=input[placeholder="Sua Senha"]</arg>
<arg>${pass}</arg>
<tag>PageContent</tag>
<tag>Setter</tag>
<doc>Clears and fills the given ``txt`` into the text field found by ``selector``.</doc>
<msg timestamp="20230302 22:04:32.048" level="INFO">Fills the text '' in the given field.</msg>
<status status="PASS" starttime="20230302 22:04:32.048" endtime="20230302 22:04:32.057"/>
</kw>
<status status="PASS" starttime="20230302 22:04:32.020" endtime="20230302 22:04:32.058"/>
</kw>
<kw name="Submit Credentials" library="login">
<kw name="Click" library="Browser">
<arg>css=button &gt;&gt; text=Entrar no sistema</arg>
<tag>PageContent</tag>
<tag>Setter</tag>
<doc>Simulates mouse click on the element found by ``selector``.</doc>
<status status="PASS" starttime="20230302 22:04:32.058" endtime="20230302 22:04:32.106"/>
</kw>
<status status="PASS" starttime="20230302 22:04:32.058" endtime="20230302 22:04:32.106"/>
</kw>
<kw name="Alert Text Should Be" library="login">
<arg>email</arg>
<arg>O e-mail é obrigatório</arg>
<kw name="Get Text" library="Browser">
<arg>xpath=//input[@type="${field}"]/..//span</arg>
<arg>equal</arg>
<arg>${expected_text}</arg>
<tag>Assertion</tag>
<tag>Getter</tag>
<tag>PageContent</tag>
<doc>Returns text attribute of the element found by ``selector``.</doc>
<msg timestamp="20230302 22:04:32.127" level="INFO">Text: 'O e-mail é obrigatório'</msg>
<status status="PASS" starttime="20230302 22:04:32.106" endtime="20230302 22:04:32.127"/>
</kw>
<status status="PASS" starttime="20230302 22:04:32.106" endtime="20230302 22:04:32.127"/>
</kw>
<kw name="Alert Text Should Be" library="login">
<arg>password</arg>
<arg>A senha é obrigatória</arg>
<kw name="Get Text" library="Browser">
<arg>xpath=//input[@type="${field}"]/..//span</arg>
<arg>equal</arg>
<arg>${expected_text}</arg>
<tag>Assertion</tag>
<tag>Getter</tag>
<tag>PageContent</tag>
<doc>Returns text attribute of the element found by ``selector``.</doc>
<msg timestamp="20230302 22:04:32.136" level="INFO">Text: 'A senha é obrigatória'</msg>
<status status="PASS" starttime="20230302 22:04:32.128" endtime="20230302 22:04:32.136"/>
</kw>
<status status="PASS" starttime="20230302 22:04:32.128" endtime="20230302 22:04:32.136"/>
</kw>
<status status="PASS" starttime="20230302 22:04:31.549" endtime="20230302 22:04:32.136"/>
</test>
<doc>Suite de testes de autenticação
Admistrador deve acessar o portal de gestão de academias</doc>
<status status="PASS" starttime="20230302 22:04:26.129" endtime="20230302 22:04:32.150"/>
</suite>
<statistics>
<total>
<stat pass="7" fail="0" skip="0">All Tests</stat>
</total>
<tag>
</tag>
<suite>
<stat pass="7" fail="0" skip="0" id="s1" name="Login">Login</stat>
</suite>
</statistics>
<errors>
</errors>
</robot>
