<?xml version="1.0" encoding="UTF-8"?>
<robot generator="Robot 6.0.2 (Python 3.10.10 on linux)" generated="20230222 22:32:19.395" rpa="false" schemaversion="3">
<suite id="s1" name="Login" source="/home/fernandamatudabaccarini/Projetos/QAcademy/RoboCamp/web/tests/login.robot">
<test id="s1-t1" name="Login do Administrador" line="8">
<kw name="Go to Login Page" library="keywords">
<kw name="New Browser" library="Browser">
<arg>headless=False</arg>
<arg>browser=chromium</arg>
<tag>BrowserControl</tag>
<tag>Setter</tag>
<doc>Create a new playwright Browser with specified options.</doc>
<msg timestamp="20230222 22:32:19.694" level="INFO">{"browser": "chromium", "headless": false, "devtools": false, "handleSIGHUP": true, "handleSIGINT": true, "handleSIGTERM": true, "slowMo": 0.0, "timeout": 30000.0, "deprecated_pos_args": [], "tracesDir": "/home/fernandamatudabaccarini/Projetos/QAcademy/RoboCamp/web/logs/browser/traces/4f08d5c7-18ad-4e05-b7c5-2f977c660e64"}</msg>
<msg timestamp="20230222 22:32:19.887" level="INFO">Successfully created browser with options: {"browser":"chromium","headless":false,"devtools":false,"handleSIGHUP":true,"handleSIGINT":true,"handleSIGTERM":true,"slowMo":0,"timeout":30000,"deprecated_pos_args":[],"tracesDir":"/home/fernandamatudabaccarini/Projetos/QAcademy/RoboCamp/web/logs/browser/traces/4f08d5c7-18ad-4e05-b7c5-2f977c660e64"}</msg>
<status status="PASS" starttime="20230222 22:32:19.693" endtime="20230222 22:32:19.887"/>
</kw>
<kw name="New Page" library="Browser">
<arg>http://localhost:3000</arg>
<tag>BrowserControl</tag>
<tag>Setter</tag>
<doc>Open a new Page.</doc>
<msg timestamp="20230222 22:32:20.467" level="INFO">Successfully initialized new page object and opened url: http://localhost:3000</msg>
<msg timestamp="20230222 22:32:20.467" level="INFO">No context was open. New context was automatically opened when this page is created.</msg>
<status status="PASS" starttime="20230222 22:32:19.887" endtime="20230222 22:32:20.467"/>
</kw>
<status status="PASS" starttime="20230222 22:32:19.693" endtime="20230222 22:32:20.467"/>
</kw>
<kw name="Fill Credentials" library="keywords">
<arg>admin@smartbit.com</arg>
<arg>qacademy</arg>
<kw name="Fill Text" library="Browser">
<arg>css=input[placeholder="Seu e-mail"]</arg>
<arg>${email}</arg>
<tag>PageContent</tag>
<tag>Setter</tag>
<doc>Clears and fills the given ``txt`` into the text field found by ``selector``.</doc>
<msg timestamp="20230222 22:32:20.468" level="INFO">Fills the text 'admin@smartbit.com' in the given field.</msg>
<status status="PASS" starttime="20230222 22:32:20.468" endtime="20230222 22:32:20.499"/>
</kw>
<kw name="Fill Text" library="Browser">
<arg>css=input[placeholder="Sua Senha"]</arg>
<arg>${pass}</arg>
<tag>PageContent</tag>
<tag>Setter</tag>
<doc>Clears and fills the given ``txt`` into the text field found by ``selector``.</doc>
<msg timestamp="20230222 22:32:20.500" level="INFO">Fills the text 'qacademy' in the given field.</msg>
<status status="PASS" starttime="20230222 22:32:20.499" endtime="20230222 22:32:20.506"/>
</kw>
<status status="PASS" starttime="20230222 22:32:20.467" endtime="20230222 22:32:20.507"/>
</kw>
<kw name="Submit Credentials" library="keywords">
<kw name="Click" library="Browser">
<arg>css=button &gt;&gt; text=Entrar no sistema</arg>
<tag>PageContent</tag>
<tag>Setter</tag>
<doc>Simulates mouse click on the element found by ``selector``.</doc>
<status status="PASS" starttime="20230222 22:32:20.507" endtime="20230222 22:32:20.569"/>
</kw>
<status status="PASS" starttime="20230222 22:32:20.507" endtime="20230222 22:32:20.570"/>
</kw>
<kw name="User Should Be Logged In" library="keywords">
<kw name="Set Variable" library="BuiltIn">
<var>${logged_user}</var>
<arg>css=aside strong</arg>
<doc>Returns the given values which can then be assigned to a variables.</doc>
<msg timestamp="20230222 22:32:20.570" level="INFO">${logged_user} = css=aside strong</msg>
<status status="PASS" starttime="20230222 22:32:20.570" endtime="20230222 22:32:20.570"/>
</kw>
<kw name="Wait For Elements State" library="Browser">
<arg>${logged_user}</arg>
<arg>visible</arg>
<arg>15</arg>
<tag>PageContent</tag>
<tag>Wait</tag>
<doc>Waits for the element found by ``selector`` to satisfy state option.</doc>
<msg timestamp="20230222 22:32:20.762" level="INFO">Waited for Element with selector css=aside strong at state visible</msg>
<status status="PASS" starttime="20230222 22:32:20.571" endtime="20230222 22:32:20.762"/>
</kw>
<kw name="Get Text" library="Browser">
<arg>${logged_user}</arg>
<arg>equal</arg>
<arg>Admin</arg>
<tag>Assertion</tag>
<tag>Getter</tag>
<tag>PageContent</tag>
<doc>Returns text attribute of the element found by ``selector``.</doc>
<msg timestamp="20230222 22:32:20.773" level="INFO">Text: 'Admin'</msg>
<status status="PASS" starttime="20230222 22:32:20.763" endtime="20230222 22:32:20.773"/>
</kw>
<status status="PASS" starttime="20230222 22:32:20.570" endtime="20230222 22:32:20.774"/>
</kw>
<status status="PASS" starttime="20230222 22:32:19.691" endtime="20230222 22:32:20.774"/>
</test>
<test id="s1-t2" name="Email não cadastrado" line="15">
<kw name="Go to Login Page" library="keywords">
<kw name="New Browser" library="Browser">
<arg>headless=False</arg>
<arg>browser=chromium</arg>
<tag>BrowserControl</tag>
<tag>Setter</tag>
<doc>Create a new playwright Browser with specified options.</doc>
<msg timestamp="20230222 22:32:20.804" level="INFO">Switching browser to browser=a3995049-ac59-4542-8c80-788b121ae87c</msg>
<msg timestamp="20230222 22:32:20.805" level="INFO">Successfully changed active browser</msg>
<msg timestamp="20230222 22:32:20.805" level="INFO">Reusing existing browser with id: browser=a3995049-ac59-4542-8c80-788b121ae87c</msg>
<status status="PASS" starttime="20230222 22:32:20.804" endtime="20230222 22:32:20.805"/>
</kw>
<kw name="New Page" library="Browser">
<arg>http://localhost:3000</arg>
<tag>BrowserControl</tag>
<tag>Setter</tag>
<doc>Open a new Page.</doc>
<msg timestamp="20230222 22:32:21.161" level="INFO">Successfully initialized new page object and opened url: http://localhost:3000</msg>
<msg timestamp="20230222 22:32:21.161" level="INFO">No context was open. New context was automatically opened when this page is created.</msg>
<status status="PASS" starttime="20230222 22:32:20.805" endtime="20230222 22:32:21.162"/>
</kw>
<status status="PASS" starttime="20230222 22:32:20.803" endtime="20230222 22:32:21.162"/>
</kw>
<kw name="Fill Credentials" library="keywords">
<arg>404@smartbit.com</arg>
<arg>qacademy</arg>
<kw name="Fill Text" library="Browser">
<arg>css=input[placeholder="Seu e-mail"]</arg>
<arg>${email}</arg>
<tag>PageContent</tag>
<tag>Setter</tag>
<doc>Clears and fills the given ``txt`` into the text field found by ``selector``.</doc>
<msg timestamp="20230222 22:32:21.164" level="INFO">Fills the text '404@smartbit.com' in the given field.</msg>
<status status="PASS" starttime="20230222 22:32:21.163" endtime="20230222 22:32:21.184"/>
</kw>
<kw name="Fill Text" library="Browser">
<arg>css=input[placeholder="Sua Senha"]</arg>
<arg>${pass}</arg>
<tag>PageContent</tag>
<tag>Setter</tag>
<doc>Clears and fills the given ``txt`` into the text field found by ``selector``.</doc>
<msg timestamp="20230222 22:32:21.185" level="INFO">Fills the text 'qacademy' in the given field.</msg>
<status status="PASS" starttime="20230222 22:32:21.185" endtime="20230222 22:32:21.193"/>
</kw>
<status status="PASS" starttime="20230222 22:32:21.162" endtime="20230222 22:32:21.194"/>
</kw>
<kw name="Submit Credentials" library="keywords">
<kw name="Click" library="Browser">
<arg>css=button &gt;&gt; text=Entrar no sistema</arg>
<tag>PageContent</tag>
<tag>Setter</tag>
<doc>Simulates mouse click on the element found by ``selector``.</doc>
<status status="PASS" starttime="20230222 22:32:21.194" endtime="20230222 22:32:21.245"/>
</kw>
<status status="PASS" starttime="20230222 22:32:21.194" endtime="20230222 22:32:21.245"/>
</kw>
<kw name="Verify Toaster" library="keywords">
<kw name="Wait For Elements State" library="Browser">
<arg>css=.Toastify__toast-body div &gt;&gt; text=Suas credenciais são inválidas, por favor tente novamente!</arg>
<arg>visible</arg>
<arg>5</arg>
<tag>PageContent</tag>
<tag>Wait</tag>
<doc>Waits for the element found by ``selector`` to satisfy state option.</doc>
<msg timestamp="20230222 22:32:21.280" level="INFO">Waited for Element with selector css=.Toastify__toast-body div &gt;&gt; text=Suas credenciais são inválidas, por favor tente novamente! at state visible</msg>
<status status="PASS" starttime="20230222 22:32:21.246" endtime="20230222 22:32:21.280"/>
</kw>
<status status="PASS" starttime="20230222 22:32:21.246" endtime="20230222 22:32:21.280"/>
</kw>
<tag>temp</tag>
<status status="PASS" starttime="20230222 22:32:20.801" endtime="20230222 22:32:21.281"/>
</test>
<test id="s1-t3" name="Senha inválida" line="23">
<kw name="Go to Login Page" library="keywords">
<kw name="New Browser" library="Browser">
<arg>headless=False</arg>
<arg>browser=chromium</arg>
<tag>BrowserControl</tag>
<tag>Setter</tag>
<doc>Create a new playwright Browser with specified options.</doc>
<msg timestamp="20230222 22:32:21.310" level="INFO">Switching browser to browser=a3995049-ac59-4542-8c80-788b121ae87c</msg>
<msg timestamp="20230222 22:32:21.311" level="INFO">Successfully changed active browser</msg>
<msg timestamp="20230222 22:32:21.311" level="INFO">Reusing existing browser with id: browser=a3995049-ac59-4542-8c80-788b121ae87c</msg>
<status status="PASS" starttime="20230222 22:32:21.310" endtime="20230222 22:32:21.311"/>
</kw>
<kw name="New Page" library="Browser">
<arg>http://localhost:3000</arg>
<tag>BrowserControl</tag>
<tag>Setter</tag>
<doc>Open a new Page.</doc>
<msg timestamp="20230222 22:32:21.644" level="INFO">Successfully initialized new page object and opened url: http://localhost:3000</msg>
<msg timestamp="20230222 22:32:21.644" level="INFO">No context was open. New context was automatically opened when this page is created.</msg>
<status status="PASS" starttime="20230222 22:32:21.311" endtime="20230222 22:32:21.644"/>
</kw>
<status status="PASS" starttime="20230222 22:32:21.309" endtime="20230222 22:32:21.644"/>
</kw>
<kw name="Fill Credentials" library="keywords">
<arg>admin@smartbit.com</arg>
<arg>abc123</arg>
<kw name="Fill Text" library="Browser">
<arg>css=input[placeholder="Seu e-mail"]</arg>
<arg>${email}</arg>
<tag>PageContent</tag>
<tag>Setter</tag>
<doc>Clears and fills the given ``txt`` into the text field found by ``selector``.</doc>
<msg timestamp="20230222 22:32:21.645" level="INFO">Fills the text 'admin@smartbit.com' in the given field.</msg>
<status status="PASS" starttime="20230222 22:32:21.645" endtime="20230222 22:32:21.669"/>
</kw>
<kw name="Fill Text" library="Browser">
<arg>css=input[placeholder="Sua Senha"]</arg>
<arg>${pass}</arg>
<tag>PageContent</tag>
<tag>Setter</tag>
<doc>Clears and fills the given ``txt`` into the text field found by ``selector``.</doc>
<msg timestamp="20230222 22:32:21.670" level="INFO">Fills the text 'abc123' in the given field.</msg>
<status status="PASS" starttime="20230222 22:32:21.670" endtime="20230222 22:32:21.682"/>
</kw>
<status status="PASS" starttime="20230222 22:32:21.645" endtime="20230222 22:32:21.682"/>
</kw>
<kw name="Submit Credentials" library="keywords">
<kw name="Click" library="Browser">
<arg>css=button &gt;&gt; text=Entrar no sistema</arg>
<tag>PageContent</tag>
<tag>Setter</tag>
<doc>Simulates mouse click on the element found by ``selector``.</doc>
<status status="PASS" starttime="20230222 22:32:21.683" endtime="20230222 22:32:21.731"/>
</kw>
<status status="PASS" starttime="20230222 22:32:21.682" endtime="20230222 22:32:21.731"/>
</kw>
<kw name="Verify Toaster" library="keywords">
<kw name="Wait For Elements State" library="Browser">
<arg>css=.Toastify__toast-body div &gt;&gt; text=Suas credenciais são inválidas, por favor tente novamente!</arg>
<arg>visible</arg>
<arg>5</arg>
<tag>PageContent</tag>
<tag>Wait</tag>
<doc>Waits for the element found by ``selector`` to satisfy state option.</doc>
<msg timestamp="20230222 22:32:21.819" level="INFO">Waited for Element with selector css=.Toastify__toast-body div &gt;&gt; text=Suas credenciais são inválidas, por favor tente novamente! at state visible</msg>
<status status="PASS" starttime="20230222 22:32:21.732" endtime="20230222 22:32:21.819"/>
</kw>
<status status="PASS" starttime="20230222 22:32:21.732" endtime="20230222 22:32:21.819"/>
</kw>
<status status="PASS" starttime="20230222 22:32:21.308" endtime="20230222 22:32:21.819"/>
</test>
<doc>Suite de testes de autenticação
Admistrador deve acessar o portal de gestão de academias</doc>
<status status="PASS" starttime="20230222 22:32:19.395" endtime="20230222 22:32:21.845"/>
</suite>
<statistics>
<total>
<stat pass="3" fail="0" skip="0">All Tests</stat>
</total>
<tag>
<stat pass="1" fail="0" skip="0">temp</stat>
</tag>
<suite>
<stat pass="3" fail="0" skip="0" id="s1" name="Login">Login</stat>
</suite>
</statistics>
<errors>
</errors>
</robot>
