<?xml version="1.0" encoding="UTF-8"?>
<robot generator="Robot 6.0.2 (Python 3.10.6 on linux)" generated="20230316 18:13:42.786" rpa="false" schemaversion="3">
<suite id="s1" name="Enrolls" source="/home/fernanda/Projetos/QAcademy/qacademy-robot/web/tests/enrolls.robot">
<test id="s1-t1" name="Deve matricular um aluno" line="9">
<kw name="Get Fixture" library="base">
<var>${admin}</var>
<arg>admin</arg>
<kw name="Load Json From File" library="JSONLibrary">
<var>${fixture}</var>
<arg>${EXECDIR}/resources/fixtures/${fixture_file}.json</arg>
<arg>encoding=UTF-8</arg>
<doc>Load JSON from file.</doc>
<msg timestamp="20230316 18:13:43.132" level="INFO">${fixture} = {'name': 'Admin', 'email': 'admin@smartbit.com', 'pass': 'qacademy'}</msg>
<status status="PASS" starttime="20230316 18:13:43.132" endtime="20230316 18:13:43.132"/>
</kw>
<msg timestamp="20230316 18:13:43.132" level="INFO">${admin} = {'name': 'Admin', 'email': 'admin@smartbit.com', 'pass': 'qacademy'}</msg>
<status status="PASS" starttime="20230316 18:13:43.131" endtime="20230316 18:13:43.132"/>
</kw>
<kw name="Get Fixture" library="base">
<var>${student}</var>
<arg>student</arg>
<kw name="Load Json From File" library="JSONLibrary">
<var>${fixture}</var>
<arg>${EXECDIR}/resources/fixtures/${fixture_file}.json</arg>
<arg>encoding=UTF-8</arg>
<doc>Load JSON from file.</doc>
<msg timestamp="20230316 18:13:43.133" level="INFO">${fixture} = {'name': 'Falcão', 'email': 'falcao@gmail.com', 'enroll': {'plan': 'Smart'}}</msg>
<status status="PASS" starttime="20230316 18:13:43.133" endtime="20230316 18:13:43.133"/>
</kw>
<msg timestamp="20230316 18:13:43.133" level="INFO">${student} = {'name': 'Falcão', 'email': 'falcao@gmail.com', 'enroll': {'plan': 'Smart'}}</msg>
<status status="PASS" starttime="20230316 18:13:43.132" endtime="20230316 18:13:43.133"/>
</kw>
<kw name="Reset Student Enroll" library="database">
<arg>${student}[email]</arg>
<kw name="Connect To Postgres" library="database">
<kw name="Connect To Database" library="DatabaseLibrary">
<arg>psycopg2</arg>
<arg>rkxaqcxb</arg>
<arg>rkxaqcxb</arg>
<arg>5uTDmQ-YQm4YFQV2vRB51VKgcLSGBwuv</arg>
<arg>babar.db.elephantsql.com</arg>
<arg>5432</arg>
<doc>Loads the DB API 2.0 module given `dbapiModuleName` then uses it to
connect to the database using `dbName`, `dbUsername`, and `dbPassword`.</doc>
<msg timestamp="20230316 18:13:43.139" level="INFO">Connecting using : psycopg2.connect(database=rkxaqcxb, user=rkxaqcxb, password=5uTDmQ-YQm4YFQV2vRB51VKgcLSGBwuv, host=babar.db.elephantsql.com, port=5432) </msg>
<status status="PASS" starttime="20230316 18:13:43.133" endtime="20230316 18:13:43.309"/>
</kw>
<status status="PASS" starttime="20230316 18:13:43.133" endtime="20230316 18:13:43.309"/>
</kw>
<kw name="Delete Enroll By Email" library="database">
<arg>${email}</arg>
<kw name="Select Student Where Email" library="database">
<var>${user}</var>
<arg>${email}</arg>
<kw name="Set Variable" library="BuiltIn">
<var>${query}</var>
<arg>SELECT * FROM public.students WHERE email = '${email}';</arg>
<doc>Returns the given values which can then be assigned to a variables.</doc>
<msg timestamp="20230316 18:13:43.310" level="INFO">${query} = SELECT * FROM public.students WHERE email = 'falcao@gmail.com';</msg>
<status status="PASS" starttime="20230316 18:13:43.310" endtime="20230316 18:13:43.310"/>
</kw>
<kw name="Query" library="DatabaseLibrary">
<var>${result}</var>
<arg>${query}</arg>
<doc>Uses the input `selectStatement` to query for the values that will be returned as a list of tuples. Set optional
input `sansTran` to True to run command without an explicit transaction commit or rollback.
Set optional input `returnAsDict` to True to return values as a list of dictionaries.</doc>
<msg timestamp="20230316 18:13:43.311" level="INFO">Executing : Query  |  SELECT * FROM public.students WHERE email = 'falcao@gmail.com'; </msg>
<msg timestamp="20230316 18:13:43.334" level="INFO">${result} = [(1, 'falcao@gmail.com', 'Falcão', 30, Decimal('81.00'), Decimal('1.74'), datetime.datetime(2023, 2, 15, 0, 27, 15, 486000, tzinfo=datetime.timezone.utc), datetime.datetime(2023, 2, 15, 0, 27, 15, 486...</msg>
<status status="PASS" starttime="20230316 18:13:43.310" endtime="20230316 18:13:43.334"/>
</kw>
<msg timestamp="20230316 18:13:43.334" level="INFO">${user} = (1, 'falcao@gmail.com', 'Falcão', 30, Decimal('81.00'), Decimal('1.74'), datetime.datetime(2023, 2, 15, 0, 27, 15, 486000, tzinfo=datetime.timezone.utc), datetime.datetime(2023, 2, 15, 0, 27, 15, 4860...</msg>
<status status="PASS" starttime="20230316 18:13:43.309" endtime="20230316 18:13:43.334"/>
</kw>
<kw name="Set Variable" library="BuiltIn">
<var>${query}</var>
<arg>DELETE FROM public.enrollments WHERE student_id = ${user}[0];</arg>
<doc>Returns the given values which can then be assigned to a variables.</doc>
<msg timestamp="20230316 18:13:43.335" level="INFO">${query} = DELETE FROM public.enrollments WHERE student_id = 1;</msg>
<status status="PASS" starttime="20230316 18:13:43.335" endtime="20230316 18:13:43.335"/>
</kw>
<kw name="Execute Sql String" library="DatabaseLibrary">
<arg>${query}</arg>
<doc>Executes the sqlString as SQL commands. Useful to pass arguments to your sql. Set optional input `sansTran` to
True to run command without an explicit transaction commit or rollback.</doc>
<msg timestamp="20230316 18:13:43.335" level="INFO">Executing : Execute SQL String  |  DELETE FROM public.enrollments WHERE student_id = 1; </msg>
<status status="PASS" starttime="20230316 18:13:43.335" endtime="20230316 18:13:43.357"/>
</kw>
<status status="PASS" starttime="20230316 18:13:43.309" endtime="20230316 18:13:43.357"/>
</kw>
<kw name="Disconnect From Database" library="DatabaseLibrary">
<doc>Disconnects from the database.</doc>
<msg timestamp="20230316 18:13:43.358" level="INFO">Executing : Disconnect From Database</msg>
<status status="PASS" starttime="20230316 18:13:43.358" endtime="20230316 18:13:43.358"/>
</kw>
<status status="PASS" starttime="20230316 18:13:43.133" endtime="20230316 18:13:43.358"/>
</kw>
<kw name="Do Login" library="base">
<arg>${admin}</arg>
<kw name="Go to Login Page" library="login">
<kw name="New Browser" library="Browser">
<arg>headless=False</arg>
<arg>browser=firefox</arg>
<tag>BrowserControl</tag>
<tag>Setter</tag>
<doc>Create a new playwright Browser with specified options.</doc>
<msg timestamp="20230316 18:13:43.360" level="INFO">{"browser": "firefox", "headless": false, "devtools": false, "handleSIGHUP": true, "handleSIGINT": true, "handleSIGTERM": true, "slowMo": 0.0, "timeout": 30000.0, "deprecated_pos_args": [], "tracesDir": "/home/fernanda/Projetos/QAcademy/qacademy-robot/web/logs/browser/traces/2306a859-ca32-4d15-8472-062f59815110"}</msg>
<msg timestamp="20230316 18:13:43.808" level="INFO">Successfully created browser with options: {"browser":"firefox","headless":false,"devtools":false,"handleSIGHUP":true,"handleSIGINT":true,"handleSIGTERM":true,"slowMo":0,"timeout":30000,"deprecated_pos_args":[],"tracesDir":"/home/fernanda/Projetos/QAcademy/qacademy-robot/web/logs/browser/traces/2306a859-ca32-4d15-8472-062f59815110"}</msg>
<status status="PASS" starttime="20230316 18:13:43.359" endtime="20230316 18:13:43.808"/>
</kw>
<kw name="New Page" library="Browser">
<arg>http://localhost:3000</arg>
<tag>BrowserControl</tag>
<tag>Setter</tag>
<doc>Open a new Page.</doc>
<msg timestamp="20230316 18:13:45.099" level="INFO">Successfully initialized new page object and opened url: http://localhost:3000</msg>
<msg timestamp="20230316 18:13:45.099" level="INFO">No context was open. New context was automatically opened when this page is created.</msg>
<status status="PASS" starttime="20230316 18:13:43.809" endtime="20230316 18:13:45.099"/>
</kw>
<status status="PASS" starttime="20230316 18:13:43.359" endtime="20230316 18:13:45.099"/>
</kw>
<kw name="Fill Credentials" library="login">
<arg>${user}[email]</arg>
<arg>${user}[pass]</arg>
<kw name="Fill Text" library="Browser">
<arg>css=input[placeholder="Seu e-mail"]</arg>
<arg>${email}</arg>
<tag>PageContent</tag>
<tag>Setter</tag>
<doc>Clears and fills the given ``txt`` into the text field found by ``selector``.</doc>
<msg timestamp="20230316 18:13:45.100" level="INFO">Fills the text 'admin@smartbit.com' in the given field.</msg>
<status status="PASS" starttime="20230316 18:13:45.100" endtime="20230316 18:13:45.135"/>
</kw>
<kw name="Fill Text" library="Browser">
<arg>css=input[placeholder="Sua Senha"]</arg>
<arg>${pass}</arg>
<tag>PageContent</tag>
<tag>Setter</tag>
<doc>Clears and fills the given ``txt`` into the text field found by ``selector``.</doc>
<msg timestamp="20230316 18:13:45.135" level="INFO">Fills the text 'qacademy' in the given field.</msg>
<status status="PASS" starttime="20230316 18:13:45.135" endtime="20230316 18:13:45.147"/>
</kw>
<status status="PASS" starttime="20230316 18:13:45.099" endtime="20230316 18:13:45.147"/>
</kw>
<kw name="Submit Credentials" library="login">
<kw name="Click" library="Browser">
<arg>css=button &gt;&gt; text=Entrar no sistema</arg>
<tag>PageContent</tag>
<tag>Setter</tag>
<doc>Simulates mouse click on the element found by ``selector``.</doc>
<status status="PASS" starttime="20230316 18:13:45.148" endtime="20230316 18:13:45.196"/>
</kw>
<status status="PASS" starttime="20230316 18:13:45.147" endtime="20230316 18:13:45.196"/>
</kw>
<kw name="User Should Be Logged In" library="nav">
<arg>${user}[name]</arg>
<kw name="Set Variable" library="BuiltIn">
<var>${logged_user}</var>
<arg>css=aside strong</arg>
<doc>Returns the given values which can then be assigned to a variables.</doc>
<msg timestamp="20230316 18:13:45.197" level="INFO">${logged_user} = css=aside strong</msg>
<status status="PASS" starttime="20230316 18:13:45.197" endtime="20230316 18:13:45.197"/>
</kw>
<kw name="Wait For Elements State" library="Browser">
<arg>${logged_user}</arg>
<arg>visible</arg>
<arg>15</arg>
<tag>PageContent</tag>
<tag>Wait</tag>
<doc>Waits for the element found by ``selector`` to satisfy state option.</doc>
<msg timestamp="20230316 18:13:45.283" level="INFO">Waited for Element with selector css=aside strong at state visible</msg>
<status status="PASS" starttime="20230316 18:13:45.197" endtime="20230316 18:13:45.283"/>
</kw>
<kw name="Get Text" library="Browser">
<arg>${logged_user}</arg>
<arg>equal</arg>
<arg>${user_name}</arg>
<tag>Assertion</tag>
<tag>Getter</tag>
<tag>PageContent</tag>
<doc>Returns text attribute of the element found by ``selector``.</doc>
<msg timestamp="20230316 18:13:45.301" level="INFO">Text: 'Admin'</msg>
<status status="PASS" starttime="20230316 18:13:45.283" endtime="20230316 18:13:45.302"/>
</kw>
<status status="PASS" starttime="20230316 18:13:45.196" endtime="20230316 18:13:45.302"/>
</kw>
<status status="PASS" starttime="20230316 18:13:43.358" endtime="20230316 18:13:45.302"/>
</kw>
<kw name="Go To Enrolls" library="enroll">
<kw name="Click" library="Browser">
<arg>css=a[href="/matriculas"]</arg>
<tag>PageContent</tag>
<tag>Setter</tag>
<doc>Simulates mouse click on the element found by ``selector``.</doc>
<status status="PASS" starttime="20230316 18:13:45.302" endtime="20230316 18:13:45.356"/>
</kw>
<status status="PASS" starttime="20230316 18:13:45.302" endtime="20230316 18:13:45.356"/>
</kw>
<kw name="Go To Enrolls Form" library="enroll">
<kw name="Click" library="Browser">
<arg>css=a[href="/matriculas/new"]</arg>
<tag>PageContent</tag>
<tag>Setter</tag>
<doc>Simulates mouse click on the element found by ``selector``.</doc>
<status status="PASS" starttime="20230316 18:13:45.356" endtime="20230316 18:13:45.438"/>
</kw>
<status status="PASS" starttime="20230316 18:13:45.356" endtime="20230316 18:13:45.438"/>
</kw>
<kw name="Select Student" library="enroll">
<arg>${student}[name]</arg>
<kw name="Fill Text" library="Browser">
<arg>xpath=//div[contains(text(), "nome do aluno")]/..//input</arg>
<arg>${student_name}</arg>
<tag>PageContent</tag>
<tag>Setter</tag>
<doc>Clears and fills the given ``txt`` into the text field found by ``selector``.</doc>
<msg timestamp="20230316 18:13:45.439" level="INFO">Fills the text 'Falcão' in the given field.</msg>
<status status="PASS" starttime="20230316 18:13:45.439" endtime="20230316 18:13:45.469"/>
</kw>
<kw name="Click" library="Browser">
<arg>css=div[class$=option] &gt;&gt; text=${student_name}</arg>
<tag>PageContent</tag>
<tag>Setter</tag>
<doc>Simulates mouse click on the element found by ``selector``.</doc>
<status status="PASS" starttime="20230316 18:13:45.469" endtime="20230316 18:13:45.536"/>
</kw>
<status status="PASS" starttime="20230316 18:13:45.438" endtime="20230316 18:13:45.536"/>
</kw>
<kw name="Select Plan" library="enroll">
<arg>${student}[enroll][plan]</arg>
<kw name="Click" library="Browser">
<arg>xpath=//label[text()="PLANO"]/..//div[contains(text(), "Selecione")]</arg>
<tag>PageContent</tag>
<tag>Setter</tag>
<doc>Simulates mouse click on the element found by ``selector``.</doc>
<status status="PASS" starttime="20230316 18:13:45.537" endtime="20230316 18:13:45.588"/>
</kw>
<kw name="Click" library="Browser">
<arg>css=div[class$=option] &gt;&gt; text=${student_plan}</arg>
<tag>PageContent</tag>
<tag>Setter</tag>
<doc>Simulates mouse click on the element found by ``selector``.</doc>
<status status="PASS" starttime="20230316 18:13:45.588" endtime="20230316 18:13:45.635"/>
</kw>
<status status="PASS" starttime="20230316 18:13:45.537" endtime="20230316 18:13:45.635"/>
</kw>
<kw name="Fill Start Date" library="enroll">
<kw name="Focus" library="Browser">
<arg>css=input[name="start_date"]</arg>
<tag>PageContent</tag>
<tag>Setter</tag>
<doc>Moves focus on to the element found by ``selector``.</doc>
<status status="PASS" starttime="20230316 18:13:45.635" endtime="20230316 18:13:45.645"/>
</kw>
<kw name="Get Start Date" library="DateTricks">
<var>${start_date}</var>
<msg timestamp="20230316 18:13:45.646" level="INFO">03162023</msg>
<msg timestamp="20230316 18:13:45.646" level="INFO">${start_date} = ['0', '3', '1', '6', '2', '0', '2', '3']</msg>
<status status="PASS" starttime="20230316 18:13:45.645" endtime="20230316 18:13:45.646"/>
</kw>
<for flavor="IN">
<var>${number}</var>
<value>@{start_date}</value>
<iter>
<var name="${number}">0</var>
<kw name="Keyboard Key" library="Browser">
<arg>press</arg>
<arg>${number}</arg>
<tag>PageContent</tag>
<tag>Setter</tag>
<doc>Press a keyboard key on the virtual keyboard or set a key up or down.</doc>
<status status="PASS" starttime="20230316 18:13:45.646" endtime="20230316 18:13:45.652"/>
</kw>
<status status="PASS" starttime="20230316 18:13:45.646" endtime="20230316 18:13:45.652"/>
</iter>
<iter>
<var name="${number}">3</var>
<kw name="Keyboard Key" library="Browser">
<arg>press</arg>
<arg>${number}</arg>
<tag>PageContent</tag>
<tag>Setter</tag>
<doc>Press a keyboard key on the virtual keyboard or set a key up or down.</doc>
<status status="PASS" starttime="20230316 18:13:45.653" endtime="20230316 18:13:45.656"/>
</kw>
<status status="PASS" starttime="20230316 18:13:45.653" endtime="20230316 18:13:45.656"/>
</iter>
<iter>
<var name="${number}">1</var>
<kw name="Keyboard Key" library="Browser">
<arg>press</arg>
<arg>${number}</arg>
<tag>PageContent</tag>
<tag>Setter</tag>
<doc>Press a keyboard key on the virtual keyboard or set a key up or down.</doc>
<status status="PASS" starttime="20230316 18:13:45.657" endtime="20230316 18:13:45.661"/>
</kw>
<status status="PASS" starttime="20230316 18:13:45.656" endtime="20230316 18:13:45.661"/>
</iter>
<iter>
<var name="${number}">6</var>
<kw name="Keyboard Key" library="Browser">
<arg>press</arg>
<arg>${number}</arg>
<tag>PageContent</tag>
<tag>Setter</tag>
<doc>Press a keyboard key on the virtual keyboard or set a key up or down.</doc>
<status status="PASS" starttime="20230316 18:13:45.661" endtime="20230316 18:13:45.664"/>
</kw>
<status status="PASS" starttime="20230316 18:13:45.661" endtime="20230316 18:13:45.665"/>
</iter>
<iter>
<var name="${number}">2</var>
<kw name="Keyboard Key" library="Browser">
<arg>press</arg>
<arg>${number}</arg>
<tag>PageContent</tag>
<tag>Setter</tag>
<doc>Press a keyboard key on the virtual keyboard or set a key up or down.</doc>
<status status="PASS" starttime="20230316 18:13:45.665" endtime="20230316 18:13:45.671"/>
</kw>
<status status="PASS" starttime="20230316 18:13:45.665" endtime="20230316 18:13:45.671"/>
</iter>
<iter>
<var name="${number}">0</var>
<kw name="Keyboard Key" library="Browser">
<arg>press</arg>
<arg>${number}</arg>
<tag>PageContent</tag>
<tag>Setter</tag>
<doc>Press a keyboard key on the virtual keyboard or set a key up or down.</doc>
<status status="PASS" starttime="20230316 18:13:45.672" endtime="20230316 18:13:45.680"/>
</kw>
<status status="PASS" starttime="20230316 18:13:45.671" endtime="20230316 18:13:45.680"/>
</iter>
<iter>
<var name="${number}">2</var>
<kw name="Keyboard Key" library="Browser">
<arg>press</arg>
<arg>${number}</arg>
<tag>PageContent</tag>
<tag>Setter</tag>
<doc>Press a keyboard key on the virtual keyboard or set a key up or down.</doc>
<status status="PASS" starttime="20230316 18:13:45.680" endtime="20230316 18:13:45.687"/>
</kw>
<status status="PASS" starttime="20230316 18:13:45.680" endtime="20230316 18:13:45.688"/>
</iter>
<iter>
<var name="${number}">3</var>
<kw name="Keyboard Key" library="Browser">
<arg>press</arg>
<arg>${number}</arg>
<tag>PageContent</tag>
<tag>Setter</tag>
<doc>Press a keyboard key on the virtual keyboard or set a key up or down.</doc>
<status status="PASS" starttime="20230316 18:13:45.688" endtime="20230316 18:13:45.696"/>
</kw>
<status status="PASS" starttime="20230316 18:13:45.688" endtime="20230316 18:13:45.696"/>
</iter>
<status status="PASS" starttime="20230316 18:13:45.646" endtime="20230316 18:13:45.696"/>
</for>
<status status="PASS" starttime="20230316 18:13:45.635" endtime="20230316 18:13:45.696"/>
</kw>
<kw name="Submit Enroll Form" library="enroll">
<kw name="Click" library="Browser">
<arg>css=button &gt;&gt; text=Salvar</arg>
<tag>PageContent</tag>
<tag>Setter</tag>
<doc>Simulates mouse click on the element found by ``selector``.</doc>
<status status="PASS" starttime="20230316 18:13:45.697" endtime="20230316 18:13:45.735"/>
</kw>
<status status="PASS" starttime="20230316 18:13:45.696" endtime="20230316 18:13:45.735"/>
</kw>
<kw name="Verify Toaster" library="toast">
<arg>Matrícula cadastrada com sucesso</arg>
<kw name="Wait For Elements State" library="Browser">
<arg>css=.Toastify__toast-body div &gt;&gt; text=${expected_message}</arg>
<arg>visible</arg>
<arg>5</arg>
<tag>PageContent</tag>
<tag>Wait</tag>
<doc>Waits for the element found by ``selector`` to satisfy state option.</doc>
<msg timestamp="20230316 18:13:45.944" level="INFO">Waited for Element with selector css=.Toastify__toast-body div &gt;&gt; text=Matrícula cadastrada com sucesso at state visible</msg>
<status status="PASS" starttime="20230316 18:13:45.736" endtime="20230316 18:13:45.944"/>
</kw>
<status status="PASS" starttime="20230316 18:13:45.735" endtime="20230316 18:13:45.944"/>
</kw>
<status status="PASS" starttime="20230316 18:13:43.130" endtime="20230316 18:13:45.944"/>
</test>
<doc>Suite de testes de matrícula de aulunos
Admistrador uam vez logado,consegue matricular alunos na academia</doc>
<status status="PASS" starttime="20230316 18:13:42.787" endtime="20230316 18:13:45.978"/>
</suite>
<statistics>
<total>
<stat pass="1" fail="0" skip="0">All Tests</stat>
</total>
<tag>
</tag>
<suite>
<stat pass="1" fail="0" skip="0" id="s1" name="Enrolls">Enrolls</stat>
</suite>
</statistics>
<errors>
</errors>
</robot>
